-------------------------------------------------------------------------------
Test set: praktikum.yandex.ru.api.CourierApiTest
-------------------------------------------------------------------------------
Tests run: 10, Failures: 1, Errors: 0, Skipped: 0, Time elapsed: 72.738 s <<< FAILURE! - in praktikum.yandex.ru.api.CourierApiTest
testCourierCannotLogInWithoutPassword(praktikum.yandex.ru.api.CourierApiTest)  Time elapsed: 61.544 s  <<< FAILURE!
java.lang.AssertionError: The status code must be 400 expected:<400> but was:<504>
	at praktikum.yandex.ru.api.CourierApiTest.testCourierCannotLogInWithoutPassword(CourierApiTest.java:133)

