<?xml version="1.0" encoding="UTF-8"?>
<testsuite xmlns:xsi="http://www.w3.org/2001/XMLSchema-instance" xsi:noNamespaceSchemaLocation="https://maven.apache.org/surefire/maven-surefire-plugin/xsd/surefire-test-report.xsd" name="praktikum.yandex.ru.api.CourierApiTest" time="72.738" tests="10" errors="0" skipped="0" failures="1">
  <properties>
[...]
</properties>
  <testcase name="testCourierCannotLogInWithIncorrectLogin" classname="praktikum.yandex.ru.api.CourierApiTest" time="1.411"/>
  <testcase name="testCourierCannotLogInWithoutPassword" classname="praktikum.yandex.ru.api.CourierApiTest" time="61.544">
    <failure message="The status code must be 400 expected:&lt;400&gt; but was:&lt;504&gt;" type="java.lang.AssertionError"><![CDATA[java.lang.AssertionError: The status code must be 400 expected:<400> but was:<504>
	at praktikum.yandex.ru.api.CourierApiTest.testCourierCannotLogInWithoutPassword(CourierApiTest.java:133)
]]></failure>
  </testcase>
  <testcase name="testCourierCannotLogInWithoutLogin" classname="praktikum.yandex.ru.api.CourierApiTest" time="1.451"/>
  <testcase name="testCourierCannotLogInWithIncorrectPassword" classname="praktikum.yandex.ru.api.CourierApiTest" time="1.522"/>
  <testcase name="testCourierCannotBeCreatedWithoutPassword" classname="praktikum.yandex.ru.api.CourierApiTest" time="0.569"/>
  <testcase name="testCourierCanBeCreated" classname="praktikum.yandex.ru.api.CourierApiTest" time="1.462"/>
  <testcase name="testCourierCannotBeCreatedWithAlreadyExistedLogin" classname="praktikum.yandex.ru.api.CourierApiTest" time="1.347"/>
  <testcase name="testStatusCodeWhenCourierLogsIng" classname="praktikum.yandex.ru.api.CourierApiTest" time="1.465"/>
  <testcase name="testCourierCannotBeCreatedWithoutLogin" classname="praktikum.yandex.ru.api.CourierApiTest" time="0.556"/>
  <testcase name="testResponseBodyContainsIdWhenSuccess" classname="praktikum.yandex.ru.api.CourierApiTest" time="1.404"/>
</testsuite>